<?xml version="1.0" encoding="UTF-8"?>
<!-- Generated by org.testng.reporters.JUnitXMLReporter -->
<testsuite ignored="0" hostname="DESKTOP-HGSB65Q" failures="0" tests="3" name="Default test" time="30.093" errors="0" timestamp="2025-01-06T23:23:20 EST">
  <testcase classname="fbtestcase.fbregtestcase" name="fbregistration" time="10.773"/>
  <testcase classname="fbtestcase.fbregtestcase" name="fbregistration" time="9.396"/>
  <testcase classname="fbtestcase.fbregtestcase" name="fbregistration" time="9.313"/>
</testsuite> <!-- Default test -->
