<?xml version="1.0" encoding="UTF-8"?>
<testng-results ignored="0" total="3" passed="3" failed="0" skipped="0">
  <reporter-output>
  </reporter-output>
  <suite started-at="2025-01-06T23:22:50 EST" name="Default suite" finished-at="2025-01-06T23:23:20 EST" duration-ms="30093">
    <groups>
    </groups>
    <test started-at="2025-01-06T23:22:50 EST" name="Default test" finished-at="2025-01-06T23:23:20 EST" duration-ms="30093">
      <class name="fbtestcase.fbregtestcase">
        <test-method signature="fbregistration(java.lang.String,java.lang.String,java.lang.String,java.lang.String,java.lang.String,java.lang.String,java.lang.String,java.lang.String)[pri:0, instance:fbtestcase.fbregtestcase@4a8355dd]" started-at="2025-01-06T23:22:50 EST" name="fbregistration" data-provider="fbreg" finished-at="2025-01-06T23:23:01 EST" duration-ms="10773" status="PASS">
          <params>
            <param index="0">
              <value>
                <![CDATA[Ripal]]>
              </value>
            </param>
            <param index="1">
              <value>
                <![CDATA[Patel]]>
              </value>
            </param>
            <param index="2">
              <value>
                <![CDATA[ripalpatel2594@gmail.com]]>
              </value>
            </param>
            <param index="3">
              <value>
                <![CDATA[Rip@l123]]>
              </value>
            </param>
            <param index="4">
              <value>
                <![CDATA[Apr]]>
              </value>
            </param>
            <param index="5">
              <value>
                <![CDATA[1994]]>
              </value>
            </param>
            <param index="6">
              <value>
                <![CDATA[25]]>
              </value>
            </param>
            <param index="7">
              <value>
                <![CDATA[Female]]>
              </value>
            </param>
          </params>
          <reporter-output>
          </reporter-output>
        </test-method> <!-- fbregistration -->
        <test-method signature="fbregistration(java.lang.String,java.lang.String,java.lang.String,java.lang.String,java.lang.String,java.lang.String,java.lang.String,java.lang.String)[pri:0, instance:fbtestcase.fbregtestcase@4a8355dd]" started-at="2025-01-06T23:23:01 EST" name="fbregistration" data-provider="fbreg" finished-at="2025-01-06T23:23:11 EST" duration-ms="9396" status="PASS">
          <params>
            <param index="0">
              <value>
                <![CDATA[Nupen]]>
              </value>
            </param>
            <param index="1">
              <value>
                <![CDATA[Patel]]>
              </value>
            </param>
            <param index="2">
              <value>
                <![CDATA[nups12patel@gmail.com]]>
              </value>
            </param>
            <param index="3">
              <value>
                <![CDATA[Nups@12]]>
              </value>
            </param>
            <param index="4">
              <value>
                <![CDATA[Dec]]>
              </value>
            </param>
            <param index="5">
              <value>
                <![CDATA[1993]]>
              </value>
            </param>
            <param index="6">
              <value>
                <![CDATA[12]]>
              </value>
            </param>
            <param index="7">
              <value>
                <![CDATA[male]]>
              </value>
            </param>
          </params>
          <reporter-output>
          </reporter-output>
        </test-method> <!-- fbregistration -->
        <test-method signature="fbregistration(java.lang.String,java.lang.String,java.lang.String,java.lang.String,java.lang.String,java.lang.String,java.lang.String,java.lang.String)[pri:0, instance:fbtestcase.fbregtestcase@4a8355dd]" started-at="2025-01-06T23:23:11 EST" name="fbregistration" data-provider="fbreg" finished-at="2025-01-06T23:23:20 EST" duration-ms="9313" status="PASS">
          <params>
            <param index="0">
              <value>
                <![CDATA[Parth]]>
              </value>
            </param>
            <param index="1">
              <value>
                <![CDATA[Patel]]>
              </value>
            </param>
            <param index="2">
              <value>
                <![CDATA[parthpatel11@gmail.com]]>
              </value>
            </param>
            <param index="3">
              <value>
                <![CDATA[Parth12]]>
              </value>
            </param>
            <param index="4">
              <value>
                <![CDATA[Nov]]>
              </value>
            </param>
            <param index="5">
              <value>
                <![CDATA[1997]]>
              </value>
            </param>
            <param index="6">
              <value>
                <![CDATA[9]]>
              </value>
            </param>
            <param index="7">
              <value>
                <![CDATA[Custom]]>
              </value>
            </param>
          </params>
          <reporter-output>
          </reporter-output>
        </test-method> <!-- fbregistration -->
      </class> <!-- fbtestcase.fbregtestcase -->
    </test> <!-- Default test -->
  </suite> <!-- Default suite -->
</testng-results>
